     diagonalizing the dynamical matrix ...

 q =       0.0000      0.0000      0.0000
 **************************************************************************
     freq (    1) =      -0.000000 [THz] =      -0.000014 [cm-1]
 (  0.363890   0.000000     0.603886   0.000000    -0.053898   0.000000   )
 (  0.363890   0.000000     0.603886   0.000000    -0.053898   0.000000   )
     freq (    2) =      -0.000000 [THz] =      -0.000001 [cm-1]
 ( -0.201725   0.000000     0.061316  -0.000000    -0.674942   0.000000   )
 ( -0.201725   0.000000     0.061316  -0.000000    -0.674942   0.000000   )
     freq (    3) =       0.000000 [THz] =       0.000014 [cm-1]
 ( -0.571744   0.000000     0.362714   0.000000     0.203833   0.000000   )
 ( -0.571744   0.000000     0.362714   0.000000     0.203833   0.000000   )
     freq (    4) =      26.191759 [THz] =     873.663031 [cm-1]
 (  0.000000   0.000000    -0.000000   0.000000    -0.707107   0.000000   )
 (  0.000000   0.000000    -0.000000   0.000000     0.707107   0.000000   )
     freq (    5) =      47.461246 [THz] =    1583.136761 [cm-1]
 (  0.707107   0.000000     0.000000   0.000000     0.000000   0.000000   )
 ( -0.707107   0.000000     0.000000   0.000000     0.000000   0.000000   )
     freq (    6) =      47.463388 [THz] =    1583.208195 [cm-1]
 ( -0.000000   0.000000     0.707107   0.000000    -0.000000   0.000000   )
 (  0.000000   0.000000    -0.707107   0.000000     0.000000   0.000000   )
 **************************************************************************
